<?xml version="1.0" encoding="UTF-8"?>
<!-- Generated by org.testng.reporters.JUnitXMLReporter -->
<testsuite ignored="1" hostname="Mihil" failures="3" tests="12" name="Personal loan" time="0.091" errors="0" timestamp="2024-04-28T16:39:44 IST">
  <testcase classname="test.Day1" name="Demo" time="0.008">
    <failure type="java.lang.AssertionError" message="expected [true] but found [false]">
      <![CDATA[java.lang.AssertionError: expected [true] but found [false]
at test.Day1.Demo(Day1.java:21)
at java.base/java.util.ArrayList.forEach(ArrayList.java:1511)
... Removed 31 stack frames]]>
    </failure>
  </testcase> <!-- Demo -->
  <testcase classname="test.Day1" name="SecondTest" time="0.001"/>
  <testcase classname="test.Day2" name="ploan" time="0.001"/>
  <testcase classname="test.Day3" name="MobilesignoutcarLoan" time="0.001"/>
  <testcase classname="test.Day3" name="MobilesignoutcarLoan" time="0.001"/>
  <testcase classname="test.Day3" name="MobilesignoutcarLoan" time="0.0"/>
  <testcase classname="test.Day3" name="WebloginCarLoan" time="0.0">
    <failure type="org.testng.TestNGException" message="
Parameter &amp;apos;URL&amp;apos; is required by @Test on method WebloginCarLoan but has not been marked @Optional or defined
in C:\Users\MIHIL EKHANKAR\eclipse-workspace\TestNG Learning\testng2.xml">
      <![CDATA[org.testng.TestNGException: 
Parameter 'URL' is required by @Test on method WebloginCarLoan but has not been marked @Optional or defined
in C:\Users\MIHIL EKHANKAR\eclipse-workspace\TestNG Learning\testng2.xml
at java.base/java.util.ArrayList.forEach(ArrayList.java:1511)
... Removed 26 stack frames]]>
    </failure>
  </testcase> <!-- WebloginCarLoan -->
  <testcase classname="test.Day3" name="MobileLogincarLoan" time="0.001"/>
  <testcase classname="test.Day3" name="APIcarLoan" time="0.0">
    <skipped/>
  </testcase> <!-- APIcarLoan -->
  <testcase classname="test.Day4" name="LoginAPIHomeLoan" time="0.001"/>
  <testcase classname="test.Day4" name="MobileLoginHomeLoan" time="0.0"/>
  <testcase classname="test.Day4" name="WebloginHomeLoan" time="0.0">
    <failure type="org.testng.TestNGException" message="
Parameter &amp;apos;URL&amp;apos; is required by @Test on method WebloginHomeLoan but has not been marked @Optional or defined
in C:\Users\MIHIL EKHANKAR\eclipse-workspace\TestNG Learning\testng2.xml">
      <![CDATA[org.testng.TestNGException: 
Parameter 'URL' is required by @Test on method WebloginHomeLoan but has not been marked @Optional or defined
in C:\Users\MIHIL EKHANKAR\eclipse-workspace\TestNG Learning\testng2.xml
at java.base/java.util.ArrayList.forEach(ArrayList.java:1511)
... Removed 26 stack frames]]>
    </failure>
  </testcase> <!-- WebloginHomeLoan -->
  <testcase classname="test.Day3" name="MobilesignimcarLoan" time="0.0">
    <ignored/>
  </testcase> <!-- MobilesignimcarLoan -->
</testsuite> <!-- Personal loan -->
